<?xml version="1.0" encoding="UTF-8"?>
<testng-results skipped="0" failed="3" ignored="0" total="18" passed="15">
  <reporter-output>
  </reporter-output>
  <suite name="Default suite" duration-ms="309483" started-at="2020-09-25T17:59:13 IST" finished-at="2020-09-25T18:04:23 IST">
    <groups>
    </groups>
    <test name="Default test" duration-ms="309483" started-at="2020-09-25T17:59:13 IST" finished-at="2020-09-25T18:04:23 IST">
      <class name="com.vehere.restapi.RestAPI">
        <test-method status="PASS" signature="extentReportSetup()[pri:0, instance:com.vehere.restapi.RestAPI@76f2b07d]" name="extentReportSetup" is-config="true" duration-ms="93" started-at="2020-09-25T17:59:13 IST" finished-at="2020-09-25T17:59:13 IST">
          <reporter-output>
          </reporter-output>
        </test-method> <!-- extentReportSetup -->
        <test-method status="PASS" signature="getSessionAuthenticationToken()[pri:1, instance:com.vehere.restapi.RestAPI@76f2b07d]" name="getSessionAuthenticationToken" duration-ms="33700" started-at="2020-09-25T17:59:13 IST" finished-at="2020-09-25T17:59:47 IST">
          <reporter-output>
          </reporter-output>
        </test-method> <!-- getSessionAuthenticationToken -->
        <test-method status="PASS" signature="getResult(org.testng.ITestResult)[pri:0, instance:com.vehere.restapi.RestAPI@76f2b07d]" name="getResult" is-config="true" duration-ms="8" started-at="2020-09-25T17:59:47 IST" finished-at="2020-09-25T17:59:47 IST">
          <params>
            <param index="0">
              <value>
                <![CDATA[[TestResult name=getSessionAuthenticationToken status=SUCCESS method=RestAPI.getSessionAuthenticationToken()[pri:1, instance:com.vehere.restapi.RestAPI@76f2b07d] output={null}]]]>
              </value>
            </param>
          </params>
          <reporter-output>
          </reporter-output>
        </test-method> <!-- getResult -->
        <test-method status="PASS" signature="getAddressBookDetails()[pri:2, instance:com.vehere.restapi.RestAPI@76f2b07d]" name="getAddressBookDetails" duration-ms="5514" started-at="2020-09-25T17:59:47 IST" finished-at="2020-09-25T17:59:53 IST">
          <reporter-output>
          </reporter-output>
        </test-method> <!-- getAddressBookDetails -->
        <test-method status="PASS" signature="getResult(org.testng.ITestResult)[pri:0, instance:com.vehere.restapi.RestAPI@76f2b07d]" name="getResult" is-config="true" duration-ms="0" started-at="2020-09-25T17:59:53 IST" finished-at="2020-09-25T17:59:53 IST">
          <params>
            <param index="0">
              <value>
                <![CDATA[[TestResult name=getAddressBookDetails status=SUCCESS method=RestAPI.getAddressBookDetails()[pri:2, instance:com.vehere.restapi.RestAPI@76f2b07d] output={null}]]]>
              </value>
            </param>
          </params>
          <reporter-output>
          </reporter-output>
        </test-method> <!-- getResult -->
        <test-method status="PASS" signature="getAddressaccordingtoparticularID()[pri:3, instance:com.vehere.restapi.RestAPI@76f2b07d]" name="getAddressaccordingtoparticularID" duration-ms="5372" started-at="2020-09-25T17:59:53 IST" finished-at="2020-09-25T17:59:58 IST">
          <reporter-output>
          </reporter-output>
        </test-method> <!-- getAddressaccordingtoparticularID -->
        <test-method status="PASS" signature="getResult(org.testng.ITestResult)[pri:0, instance:com.vehere.restapi.RestAPI@76f2b07d]" name="getResult" is-config="true" duration-ms="1" started-at="2020-09-25T17:59:58 IST" finished-at="2020-09-25T17:59:58 IST">
          <params>
            <param index="0">
              <value>
                <![CDATA[[TestResult name=getAddressaccordingtoparticularID status=SUCCESS method=RestAPI.getAddressaccordingtoparticularID()[pri:3, instance:com.vehere.restapi.RestAPI@76f2b07d] output={null}]]]>
              </value>
            </param>
          </params>
          <reporter-output>
          </reporter-output>
        </test-method> <!-- getResult -->
        <test-method status="PASS" signature="getcaptureallDPIFilters()[pri:4, instance:com.vehere.restapi.RestAPI@76f2b07d]" name="getcaptureallDPIFilters" duration-ms="92681" started-at="2020-09-25T17:59:58 IST" finished-at="2020-09-25T18:01:31 IST">
          <reporter-output>
          </reporter-output>
        </test-method> <!-- getcaptureallDPIFilters -->
        <test-method status="PASS" signature="getResult(org.testng.ITestResult)[pri:0, instance:com.vehere.restapi.RestAPI@76f2b07d]" name="getResult" is-config="true" duration-ms="1" started-at="2020-09-25T18:01:31 IST" finished-at="2020-09-25T18:01:31 IST">
          <params>
            <param index="0">
              <value>
                <![CDATA[[TestResult name=getcaptureallDPIFilters status=SUCCESS method=RestAPI.getcaptureallDPIFilters()[pri:4, instance:com.vehere.restapi.RestAPI@76f2b07d] output={null}]]]>
              </value>
            </param>
          </params>
          <reporter-output>
          </reporter-output>
        </test-method> <!-- getResult -->
        <test-method status="PASS" signature="getRoleBasedAccessControl()[pri:5, instance:com.vehere.restapi.RestAPI@76f2b07d]" name="getRoleBasedAccessControl" duration-ms="51745" started-at="2020-09-25T18:01:31 IST" finished-at="2020-09-25T18:02:22 IST">
          <reporter-output>
          </reporter-output>
        </test-method> <!-- getRoleBasedAccessControl -->
        <test-method status="PASS" signature="getResult(org.testng.ITestResult)[pri:0, instance:com.vehere.restapi.RestAPI@76f2b07d]" name="getResult" is-config="true" duration-ms="1" started-at="2020-09-25T18:02:22 IST" finished-at="2020-09-25T18:02:22 IST">
          <params>
            <param index="0">
              <value>
                <![CDATA[[TestResult name=getRoleBasedAccessControl status=SUCCESS method=RestAPI.getRoleBasedAccessControl()[pri:5, instance:com.vehere.restapi.RestAPI@76f2b07d] output={null}]]]>
              </value>
            </param>
          </params>
          <reporter-output>
          </reporter-output>
        </test-method> <!-- getResult -->
        <test-method status="PASS" signature="getRuleEngine()[pri:6, instance:com.vehere.restapi.RestAPI@76f2b07d]" name="getRuleEngine" duration-ms="3787" started-at="2020-09-25T18:02:22 IST" finished-at="2020-09-25T18:02:26 IST">
          <reporter-output>
          </reporter-output>
        </test-method> <!-- getRuleEngine -->
        <test-method status="PASS" signature="getResult(org.testng.ITestResult)[pri:0, instance:com.vehere.restapi.RestAPI@76f2b07d]" name="getResult" is-config="true" duration-ms="1" started-at="2020-09-25T18:02:26 IST" finished-at="2020-09-25T18:02:26 IST">
          <params>
            <param index="0">
              <value>
                <![CDATA[[TestResult name=getRuleEngine status=SUCCESS method=RestAPI.getRuleEngine()[pri:6, instance:com.vehere.restapi.RestAPI@76f2b07d] output={null}]]]>
              </value>
            </param>
          </params>
          <reporter-output>
          </reporter-output>
        </test-method> <!-- getResult -->
        <test-method status="PASS" signature="getUsersDetails()[pri:7, instance:com.vehere.restapi.RestAPI@76f2b07d]" name="getUsersDetails" duration-ms="7583" started-at="2020-09-25T18:02:26 IST" finished-at="2020-09-25T18:02:34 IST">
          <reporter-output>
          </reporter-output>
        </test-method> <!-- getUsersDetails -->
        <test-method status="PASS" signature="getResult(org.testng.ITestResult)[pri:0, instance:com.vehere.restapi.RestAPI@76f2b07d]" name="getResult" is-config="true" duration-ms="0" started-at="2020-09-25T18:02:34 IST" finished-at="2020-09-25T18:02:34 IST">
          <params>
            <param index="0">
              <value>
                <![CDATA[[TestResult name=getUsersDetails status=SUCCESS method=RestAPI.getUsersDetails()[pri:7, instance:com.vehere.restapi.RestAPI@76f2b07d] output={null}]]]>
              </value>
            </param>
          </params>
          <reporter-output>
          </reporter-output>
        </test-method> <!-- getResult -->
        <test-method status="FAIL" signature="getAddressBookActiveScanDetails()[pri:8, instance:com.vehere.restapi.RestAPI@76f2b07d]" name="getAddressBookActiveScanDetails" duration-ms="3510" started-at="2020-09-25T18:02:34 IST" finished-at="2020-09-25T18:02:37 IST">
          <exception class="java.lang.AssertionError">
            <message>
              <![CDATA[expected [200] but found [500]]]>
            </message>
            <full-stacktrace>
              <![CDATA[java.lang.AssertionError: expected [200] but found [500]
at org.testng.Assert.fail(Assert.java:99)
at org.testng.Assert.failNotEquals(Assert.java:1037)
at org.testng.Assert.assertEqualsImpl(Assert.java:140)
at org.testng.Assert.assertEquals(Assert.java:122)
at org.testng.Assert.assertEquals(Assert.java:907)
at org.testng.Assert.assertEquals(Assert.java:917)
at com.vehere.restapi.RestAPI.getAddressBookActiveScanDetails(RestAPI.java:232)
at sun.reflect.NativeMethodAccessorImpl.invoke0(Native Method)
at sun.reflect.NativeMethodAccessorImpl.invoke(Unknown Source)
at sun.reflect.DelegatingMethodAccessorImpl.invoke(Unknown Source)
at java.lang.reflect.Method.invoke(Unknown Source)
at org.testng.internal.MethodInvocationHelper.invokeMethod(MethodInvocationHelper.java:132)
at org.testng.internal.TestInvoker.invokeMethod(TestInvoker.java:599)
at org.testng.internal.TestInvoker.invokeTestMethod(TestInvoker.java:174)
at org.testng.internal.MethodRunner.runInSequence(MethodRunner.java:46)
at org.testng.internal.TestInvoker$MethodInvocationAgent.invoke(TestInvoker.java:822)
at org.testng.internal.TestInvoker.invokeTestMethods(TestInvoker.java:147)
at org.testng.internal.TestMethodWorker.invokeTestMethods(TestMethodWorker.java:146)
at org.testng.internal.TestMethodWorker.run(TestMethodWorker.java:128)
at java.util.ArrayList.forEach(Unknown Source)
at org.testng.TestRunner.privateRun(TestRunner.java:764)
at org.testng.TestRunner.run(TestRunner.java:585)
at org.testng.SuiteRunner.runTest(SuiteRunner.java:384)
at org.testng.SuiteRunner.runSequentially(SuiteRunner.java:378)
at org.testng.SuiteRunner.privateRun(SuiteRunner.java:337)
at org.testng.SuiteRunner.run(SuiteRunner.java:286)
at org.testng.SuiteRunnerWorker.runSuite(SuiteRunnerWorker.java:53)
at org.testng.SuiteRunnerWorker.run(SuiteRunnerWorker.java:96)
at org.testng.TestNG.runSuitesSequentially(TestNG.java:1218)
at org.testng.TestNG.runSuitesLocally(TestNG.java:1140)
at org.testng.TestNG.runSuites(TestNG.java:1069)
at org.testng.TestNG.run(TestNG.java:1037)
at org.testng.remote.AbstractRemoteTestNG.run(AbstractRemoteTestNG.java:115)
at org.testng.remote.RemoteTestNG.initAndRun(RemoteTestNG.java:251)
at org.testng.remote.RemoteTestNG.main(RemoteTestNG.java:77)
]]>
            </full-stacktrace>
          </exception> <!-- java.lang.AssertionError -->
          <reporter-output>
          </reporter-output>
        </test-method> <!-- getAddressBookActiveScanDetails -->
        <test-method status="PASS" signature="getResult(org.testng.ITestResult)[pri:0, instance:com.vehere.restapi.RestAPI@76f2b07d]" name="getResult" is-config="true" duration-ms="0" started-at="2020-09-25T18:02:37 IST" finished-at="2020-09-25T18:02:37 IST">
          <params>
            <param index="0">
              <value>
                <![CDATA[[TestResult name=getAddressBookActiveScanDetails status=FAILURE method=RestAPI.getAddressBookActiveScanDetails()[pri:8, instance:com.vehere.restapi.RestAPI@76f2b07d] output={null}]]]>
              </value>
            </param>
          </params>
          <reporter-output>
          </reporter-output>
        </test-method> <!-- getResult -->
        <test-method status="FAIL" signature="getAddressGetfile()[pri:10, instance:com.vehere.restapi.RestAPI@76f2b07d]" name="getAddressGetfile" duration-ms="5051" started-at="2020-09-25T18:02:37 IST" finished-at="2020-09-25T18:02:42 IST">
          <exception class="java.lang.AssertionError">
            <message>
              <![CDATA[expected [200] but found [500]]]>
            </message>
            <full-stacktrace>
              <![CDATA[java.lang.AssertionError: expected [200] but found [500]
at org.testng.Assert.fail(Assert.java:99)
at org.testng.Assert.failNotEquals(Assert.java:1037)
at org.testng.Assert.assertEqualsImpl(Assert.java:140)
at org.testng.Assert.assertEquals(Assert.java:122)
at org.testng.Assert.assertEquals(Assert.java:907)
at org.testng.Assert.assertEquals(Assert.java:917)
at com.vehere.restapi.RestAPI.getAddressGetfile(RestAPI.java:250)
at sun.reflect.NativeMethodAccessorImpl.invoke0(Native Method)
at sun.reflect.NativeMethodAccessorImpl.invoke(Unknown Source)
at sun.reflect.DelegatingMethodAccessorImpl.invoke(Unknown Source)
at java.lang.reflect.Method.invoke(Unknown Source)
at org.testng.internal.MethodInvocationHelper.invokeMethod(MethodInvocationHelper.java:132)
at org.testng.internal.TestInvoker.invokeMethod(TestInvoker.java:599)
at org.testng.internal.TestInvoker.invokeTestMethod(TestInvoker.java:174)
at org.testng.internal.MethodRunner.runInSequence(MethodRunner.java:46)
at org.testng.internal.TestInvoker$MethodInvocationAgent.invoke(TestInvoker.java:822)
at org.testng.internal.TestInvoker.invokeTestMethods(TestInvoker.java:147)
at org.testng.internal.TestMethodWorker.invokeTestMethods(TestMethodWorker.java:146)
at org.testng.internal.TestMethodWorker.run(TestMethodWorker.java:128)
at java.util.ArrayList.forEach(Unknown Source)
at org.testng.TestRunner.privateRun(TestRunner.java:764)
at org.testng.TestRunner.run(TestRunner.java:585)
at org.testng.SuiteRunner.runTest(SuiteRunner.java:384)
at org.testng.SuiteRunner.runSequentially(SuiteRunner.java:378)
at org.testng.SuiteRunner.privateRun(SuiteRunner.java:337)
at org.testng.SuiteRunner.run(SuiteRunner.java:286)
at org.testng.SuiteRunnerWorker.runSuite(SuiteRunnerWorker.java:53)
at org.testng.SuiteRunnerWorker.run(SuiteRunnerWorker.java:96)
at org.testng.TestNG.runSuitesSequentially(TestNG.java:1218)
at org.testng.TestNG.runSuitesLocally(TestNG.java:1140)
at org.testng.TestNG.runSuites(TestNG.java:1069)
at org.testng.TestNG.run(TestNG.java:1037)
at org.testng.remote.AbstractRemoteTestNG.run(AbstractRemoteTestNG.java:115)
at org.testng.remote.RemoteTestNG.initAndRun(RemoteTestNG.java:251)
at org.testng.remote.RemoteTestNG.main(RemoteTestNG.java:77)
]]>
            </full-stacktrace>
          </exception> <!-- java.lang.AssertionError -->
          <reporter-output>
          </reporter-output>
        </test-method> <!-- getAddressGetfile -->
        <test-method status="PASS" signature="getResult(org.testng.ITestResult)[pri:0, instance:com.vehere.restapi.RestAPI@76f2b07d]" name="getResult" is-config="true" duration-ms="1" started-at="2020-09-25T18:02:42 IST" finished-at="2020-09-25T18:02:42 IST">
          <params>
            <param index="0">
              <value>
                <![CDATA[[TestResult name=getAddressGetfile status=FAILURE method=RestAPI.getAddressGetfile()[pri:10, instance:com.vehere.restapi.RestAPI@76f2b07d] output={null}]]]>
              </value>
            </param>
          </params>
          <reporter-output>
          </reporter-output>
        </test-method> <!-- getResult -->
        <test-method status="PASS" signature="getAddressBookGettreeview()[pri:11, instance:com.vehere.restapi.RestAPI@76f2b07d]" name="getAddressBookGettreeview" duration-ms="3647" started-at="2020-09-25T18:02:42 IST" finished-at="2020-09-25T18:02:46 IST">
          <reporter-output>
          </reporter-output>
        </test-method> <!-- getAddressBookGettreeview -->
        <test-method status="PASS" signature="getResult(org.testng.ITestResult)[pri:0, instance:com.vehere.restapi.RestAPI@76f2b07d]" name="getResult" is-config="true" duration-ms="1" started-at="2020-09-25T18:02:46 IST" finished-at="2020-09-25T18:02:46 IST">
          <params>
            <param index="0">
              <value>
                <![CDATA[[TestResult name=getAddressBookGettreeview status=SUCCESS method=RestAPI.getAddressBookGettreeview()[pri:11, instance:com.vehere.restapi.RestAPI@76f2b07d] output={null}]]]>
              </value>
            </param>
          </params>
          <reporter-output>
          </reporter-output>
        </test-method> <!-- getResult -->
        <test-method status="PASS" signature="fetchesAListOfImportedPCAP()[pri:12, instance:com.vehere.restapi.RestAPI@76f2b07d]" name="fetchesAListOfImportedPCAP" duration-ms="27344" started-at="2020-09-25T18:02:46 IST" finished-at="2020-09-25T18:03:13 IST">
          <reporter-output>
          </reporter-output>
        </test-method> <!-- fetchesAListOfImportedPCAP -->
        <test-method status="PASS" signature="getResult(org.testng.ITestResult)[pri:0, instance:com.vehere.restapi.RestAPI@76f2b07d]" name="getResult" is-config="true" duration-ms="0" started-at="2020-09-25T18:03:13 IST" finished-at="2020-09-25T18:03:13 IST">
          <params>
            <param index="0">
              <value>
                <![CDATA[[TestResult name=fetchesAListOfImportedPCAP status=SUCCESS method=RestAPI.fetchesAListOfImportedPCAP()[pri:12, instance:com.vehere.restapi.RestAPI@76f2b07d] output={null}]]]>
              </value>
            </param>
          </params>
          <reporter-output>
          </reporter-output>
        </test-method> <!-- getResult -->
        <test-method status="FAIL" signature="getEvidenceLookup()[pri:13, instance:com.vehere.restapi.RestAPI@76f2b07d]" name="getEvidenceLookup" duration-ms="3376" started-at="2020-09-25T18:03:13 IST" finished-at="2020-09-25T18:03:17 IST">
          <exception class="java.lang.AssertionError">
            <message>
              <![CDATA[expected [200] but found [500]]]>
            </message>
            <full-stacktrace>
              <![CDATA[java.lang.AssertionError: expected [200] but found [500]
at org.testng.Assert.fail(Assert.java:99)
at org.testng.Assert.failNotEquals(Assert.java:1037)
at org.testng.Assert.assertEqualsImpl(Assert.java:140)
at org.testng.Assert.assertEquals(Assert.java:122)
at org.testng.Assert.assertEquals(Assert.java:907)
at org.testng.Assert.assertEquals(Assert.java:917)
at com.vehere.restapi.RestAPI.getEvidenceLookup(RestAPI.java:315)
at sun.reflect.NativeMethodAccessorImpl.invoke0(Native Method)
at sun.reflect.NativeMethodAccessorImpl.invoke(Unknown Source)
at sun.reflect.DelegatingMethodAccessorImpl.invoke(Unknown Source)
at java.lang.reflect.Method.invoke(Unknown Source)
at org.testng.internal.MethodInvocationHelper.invokeMethod(MethodInvocationHelper.java:132)
at org.testng.internal.TestInvoker.invokeMethod(TestInvoker.java:599)
at org.testng.internal.TestInvoker.invokeTestMethod(TestInvoker.java:174)
at org.testng.internal.MethodRunner.runInSequence(MethodRunner.java:46)
at org.testng.internal.TestInvoker$MethodInvocationAgent.invoke(TestInvoker.java:822)
at org.testng.internal.TestInvoker.invokeTestMethods(TestInvoker.java:147)
at org.testng.internal.TestMethodWorker.invokeTestMethods(TestMethodWorker.java:146)
at org.testng.internal.TestMethodWorker.run(TestMethodWorker.java:128)
at java.util.ArrayList.forEach(Unknown Source)
at org.testng.TestRunner.privateRun(TestRunner.java:764)
at org.testng.TestRunner.run(TestRunner.java:585)
at org.testng.SuiteRunner.runTest(SuiteRunner.java:384)
at org.testng.SuiteRunner.runSequentially(SuiteRunner.java:378)
at org.testng.SuiteRunner.privateRun(SuiteRunner.java:337)
at org.testng.SuiteRunner.run(SuiteRunner.java:286)
at org.testng.SuiteRunnerWorker.runSuite(SuiteRunnerWorker.java:53)
at org.testng.SuiteRunnerWorker.run(SuiteRunnerWorker.java:96)
at org.testng.TestNG.runSuitesSequentially(TestNG.java:1218)
at org.testng.TestNG.runSuitesLocally(TestNG.java:1140)
at org.testng.TestNG.runSuites(TestNG.java:1069)
at org.testng.TestNG.run(TestNG.java:1037)
at org.testng.remote.AbstractRemoteTestNG.run(AbstractRemoteTestNG.java:115)
at org.testng.remote.RemoteTestNG.initAndRun(RemoteTestNG.java:251)
at org.testng.remote.RemoteTestNG.main(RemoteTestNG.java:77)
]]>
            </full-stacktrace>
          </exception> <!-- java.lang.AssertionError -->
          <reporter-output>
          </reporter-output>
        </test-method> <!-- getEvidenceLookup -->
        <test-method status="PASS" signature="getResult(org.testng.ITestResult)[pri:0, instance:com.vehere.restapi.RestAPI@76f2b07d]" name="getResult" is-config="true" duration-ms="1" started-at="2020-09-25T18:03:17 IST" finished-at="2020-09-25T18:03:17 IST">
          <params>
            <param index="0">
              <value>
                <![CDATA[[TestResult name=getEvidenceLookup status=FAILURE method=RestAPI.getEvidenceLookup()[pri:13, instance:com.vehere.restapi.RestAPI@76f2b07d] output={null}]]]>
              </value>
            </param>
          </params>
          <reporter-output>
          </reporter-output>
        </test-method> <!-- getResult -->
        <test-method status="PASS" signature="geUserDetails()[pri:14, instance:com.vehere.restapi.RestAPI@76f2b07d]" name="geUserDetails" duration-ms="3331" started-at="2020-09-25T18:03:17 IST" finished-at="2020-09-25T18:03:20 IST">
          <reporter-output>
          </reporter-output>
        </test-method> <!-- geUserDetails -->
        <test-method status="PASS" signature="getResult(org.testng.ITestResult)[pri:0, instance:com.vehere.restapi.RestAPI@76f2b07d]" name="getResult" is-config="true" duration-ms="1" started-at="2020-09-25T18:03:20 IST" finished-at="2020-09-25T18:03:20 IST">
          <params>
            <param index="0">
              <value>
                <![CDATA[[TestResult name=geUserDetails status=SUCCESS method=RestAPI.geUserDetails()[pri:14, instance:com.vehere.restapi.RestAPI@76f2b07d] output={null}]]]>
              </value>
            </param>
          </params>
          <reporter-output>
          </reporter-output>
        </test-method> <!-- getResult -->
        <test-method status="PASS" signature="getVNFSConfigDetails()[pri:15, instance:com.vehere.restapi.RestAPI@76f2b07d]" name="getVNFSConfigDetails" duration-ms="3096" started-at="2020-09-25T18:03:20 IST" finished-at="2020-09-25T18:03:23 IST">
          <reporter-output>
          </reporter-output>
        </test-method> <!-- getVNFSConfigDetails -->
        <test-method status="PASS" signature="getResult(org.testng.ITestResult)[pri:0, instance:com.vehere.restapi.RestAPI@76f2b07d]" name="getResult" is-config="true" duration-ms="1" started-at="2020-09-25T18:03:23 IST" finished-at="2020-09-25T18:03:23 IST">
          <params>
            <param index="0">
              <value>
                <![CDATA[[TestResult name=getVNFSConfigDetails status=SUCCESS method=RestAPI.getVNFSConfigDetails()[pri:15, instance:com.vehere.restapi.RestAPI@76f2b07d] output={null}]]]>
              </value>
            </param>
          </params>
          <reporter-output>
          </reporter-output>
        </test-method> <!-- getResult -->
        <test-method status="PASS" signature="getEntityLayerInfo()[pri:16, instance:com.vehere.restapi.RestAPI@76f2b07d]" name="getEntityLayerInfo" duration-ms="17197" started-at="2020-09-25T18:03:23 IST" finished-at="2020-09-25T18:03:40 IST">
          <reporter-output>
          </reporter-output>
        </test-method> <!-- getEntityLayerInfo -->
        <test-method status="PASS" signature="getResult(org.testng.ITestResult)[pri:0, instance:com.vehere.restapi.RestAPI@76f2b07d]" name="getResult" is-config="true" duration-ms="1" started-at="2020-09-25T18:03:40 IST" finished-at="2020-09-25T18:03:40 IST">
          <params>
            <param index="0">
              <value>
                <![CDATA[[TestResult name=getEntityLayerInfo status=SUCCESS method=RestAPI.getEntityLayerInfo()[pri:16, instance:com.vehere.restapi.RestAPI@76f2b07d] output={null}]]]>
              </value>
            </param>
          </params>
          <reporter-output>
          </reporter-output>
        </test-method> <!-- getResult -->
        <test-method status="PASS" signature="getIdentityLayerInfo()[pri:17, instance:com.vehere.restapi.RestAPI@76f2b07d]" name="getIdentityLayerInfo" duration-ms="18057" started-at="2020-09-25T18:03:40 IST" finished-at="2020-09-25T18:03:58 IST">
          <reporter-output>
          </reporter-output>
        </test-method> <!-- getIdentityLayerInfo -->
        <test-method status="PASS" signature="getResult(org.testng.ITestResult)[pri:0, instance:com.vehere.restapi.RestAPI@76f2b07d]" name="getResult" is-config="true" duration-ms="1" started-at="2020-09-25T18:03:58 IST" finished-at="2020-09-25T18:03:58 IST">
          <params>
            <param index="0">
              <value>
                <![CDATA[[TestResult name=getIdentityLayerInfo status=SUCCESS method=RestAPI.getIdentityLayerInfo()[pri:17, instance:com.vehere.restapi.RestAPI@76f2b07d] output={null}]]]>
              </value>
            </param>
          </params>
          <reporter-output>
          </reporter-output>
        </test-method> <!-- getResult -->
        <test-method status="PASS" signature="fetchLocationDetails()[pri:18, instance:com.vehere.restapi.RestAPI@76f2b07d]" name="fetchLocationDetails" duration-ms="18552" started-at="2020-09-25T18:03:58 IST" finished-at="2020-09-25T18:04:17 IST">
          <reporter-output>
          </reporter-output>
        </test-method> <!-- fetchLocationDetails -->
        <test-method status="PASS" signature="getResult(org.testng.ITestResult)[pri:0, instance:com.vehere.restapi.RestAPI@76f2b07d]" name="getResult" is-config="true" duration-ms="1" started-at="2020-09-25T18:04:17 IST" finished-at="2020-09-25T18:04:17 IST">
          <params>
            <param index="0">
              <value>
                <![CDATA[[TestResult name=fetchLocationDetails status=SUCCESS method=RestAPI.fetchLocationDetails()[pri:18, instance:com.vehere.restapi.RestAPI@76f2b07d] output={null}]]]>
              </value>
            </param>
          </params>
          <reporter-output>
          </reporter-output>
        </test-method> <!-- getResult -->
        <test-method status="PASS" signature="fetchSessionInfo()[pri:19, instance:com.vehere.restapi.RestAPI@76f2b07d]" name="fetchSessionInfo" duration-ms="5518" started-at="2020-09-25T18:04:17 IST" finished-at="2020-09-25T18:04:22 IST">
          <reporter-output>
          </reporter-output>
        </test-method> <!-- fetchSessionInfo -->
        <test-method status="PASS" signature="getResult(org.testng.ITestResult)[pri:0, instance:com.vehere.restapi.RestAPI@76f2b07d]" name="getResult" is-config="true" duration-ms="1" started-at="2020-09-25T18:04:22 IST" finished-at="2020-09-25T18:04:22 IST">
          <params>
            <param index="0">
              <value>
                <![CDATA[[TestResult name=fetchSessionInfo status=SUCCESS method=RestAPI.fetchSessionInfo()[pri:19, instance:com.vehere.restapi.RestAPI@76f2b07d] output={null}]]]>
              </value>
            </param>
          </params>
          <reporter-output>
          </reporter-output>
        </test-method> <!-- getResult -->
        <test-method status="PASS" signature="endReport()[pri:0, instance:com.vehere.restapi.RestAPI@76f2b07d]" name="endReport" is-config="true" duration-ms="247" started-at="2020-09-25T18:04:22 IST" finished-at="2020-09-25T18:04:23 IST">
          <reporter-output>
          </reporter-output>
        </test-method> <!-- endReport -->
      </class> <!-- com.vehere.restapi.RestAPI -->
    </test> <!-- Default test -->
  </suite> <!-- Default suite -->
</testng-results>
